[ 2014-12-02T01:44:28+08:00 ] 127.0.0.1 /index.php?g=Game&m=article&a=check&id=27&anwser=&_=1417455867704
INFO: [ app_begin ] --START--
INFO: Run Behavior\ReadHtmlCacheBehavior [ RunTime:0.000000s ]
INFO: Run Behavior\CheckLangBehavior [ RunTime:0.001000s ]
INFO: [ app_begin ] --END-- [ RunTime:0.002000s ]
SQL: SHOW COLUMNS FROM `w_gterm_relationships` [ RunTime:0.007000s ]
SQL: SELECT * FROM w_gterm_relationships a INNER JOIN w_games as b on a.object_id =b.id INNER JOIN w_users as c on b.game_author = c.id  WHERE ( `status` = 1 ) AND ( `tid` = 27 ) LIMIT 1   [ RunTime:0.002000s ]
INFO: [ app_end ] --START--
INFO: Run Behavior\ShowPageTraceBehavior [ RunTime:0.001000s ]
INFO: [ app_end ] --END-- [ RunTime:0.001000s ]

[ 2014-12-02T01:44:31+08:00 ] 127.0.0.1 /index.php?g=Game&m=article&a=check&id=27&anwser=&_=1417455870724
INFO: [ app_begin ] --START--
INFO: Run Behavior\ReadHtmlCacheBehavior [ RunTime:0.000000s ]
INFO: Run Behavior\CheckLangBehavior [ RunTime:0.000000s ]
INFO: [ app_begin ] --END-- [ RunTime:0.002000s ]
SQL: SHOW COLUMNS FROM `w_gterm_relationships` [ RunTime:0.005000s ]
SQL: SELECT * FROM w_gterm_relationships a INNER JOIN w_games as b on a.object_id =b.id INNER JOIN w_users as c on b.game_author = c.id  WHERE ( `status` = 1 ) AND ( `tid` = 27 ) LIMIT 1   [ RunTime:0.001000s ]
INFO: [ app_end ] --START--
INFO: Run Behavior\ShowPageTraceBehavior [ RunTime:0.001000s ]
INFO: [ app_end ] --END-- [ RunTime:0.001000s ]

[ 2014-12-02T01:52:53+08:00 ] 127.0.0.1 /index.php?g=Game&m=article&a=tip&id=27&_=1417456367088
INFO: [ app_begin ] --START--
INFO: Run Behavior\ReadHtmlCacheBehavior [ RunTime:0.000000s ]
INFO: Run Behavior\CheckLangBehavior [ RunTime:0.001000s ]
INFO: [ app_begin ] --END-- [ RunTime:0.002000s ]
NOTIC: [8] Undefined index: anwser D:\WWW\ctf\application\Game\Action\ArticleAction.class.php 第 93 行.
SQL: SHOW COLUMNS FROM `w_gterm_relationships` [ RunTime:0.005000s ]
SQL: SELECT * FROM w_gterm_relationships a INNER JOIN w_games as b on a.object_id =b.id INNER JOIN w_users as c on b.game_author = c.id  WHERE ( `status` = 1 ) AND ( `tid` = 27 ) LIMIT 1   [ RunTime:0.002001s ]
INFO: [ app_end ] --START--
INFO: Run Behavior\ShowPageTraceBehavior [ RunTime:0.001000s ]
INFO: [ app_end ] --END-- [ RunTime:0.001000s ]

[ 2014-12-02T01:53:00+08:00 ] 127.0.0.1 /index.php?g=Game&m=article&a=tip&id=27&_=1417456378962
INFO: [ app_begin ] --START--
INFO: Run Behavior\ReadHtmlCacheBehavior [ RunTime:0.000000s ]
INFO: Run Behavior\CheckLangBehavior [ RunTime:0.001000s ]
INFO: [ app_begin ] --END-- [ RunTime:0.001000s ]
NOTIC: [8] Undefined index: anwser D:\WWW\ctf\application\Game\Action\ArticleAction.class.php 第 93 行.
SQL: SHOW COLUMNS FROM `w_gterm_relationships` [ RunTime:0.004000s ]
SQL: SELECT * FROM w_gterm_relationships a INNER JOIN w_games as b on a.object_id =b.id INNER JOIN w_users as c on b.game_author = c.id  WHERE ( `status` = 1 ) AND ( `tid` = 27 ) LIMIT 1   [ RunTime:0.001000s ]
INFO: [ app_end ] --START--
INFO: Run Behavior\ShowPageTraceBehavior [ RunTime:0.001000s ]
INFO: [ app_end ] --END-- [ RunTime:0.001000s ]

[ 2014-12-02T01:53:47+08:00 ] 127.0.0.1 /index.php?g=Game&m=article&a=tip&id=27&_=1417456421215
INFO: [ app_begin ] --START--
INFO: Run Behavior\ReadHtmlCacheBehavior [ RunTime:0.001000s ]
INFO: Run Behavior\CheckLangBehavior [ RunTime:0.001000s ]
INFO: [ app_begin ] --END-- [ RunTime:0.002000s ]
NOTIC: [8] Undefined index: anwser D:\WWW\ctf\application\Game\Action\ArticleAction.class.php 第 93 行.
SQL: SHOW COLUMNS FROM `w_gterm_relationships` [ RunTime:0.006000s ]
SQL: SELECT * FROM w_gterm_relationships a INNER JOIN w_games as b on a.object_id =b.id INNER JOIN w_users as c on b.game_author = c.id  WHERE ( `status` = 1 ) AND ( `tid` = 27 ) LIMIT 1   [ RunTime:0.002000s ]
INFO: [ app_end ] --START--
INFO: Run Behavior\ShowPageTraceBehavior [ RunTime:0.001000s ]
INFO: [ app_end ] --END-- [ RunTime:0.001000s ]

[ 2014-12-02T01:56:50+08:00 ] 127.0.0.1 /index.php?g=Game&m=article&a=tip&id=27&_=1417456604640
INFO: [ app_begin ] --START--
INFO: Run Behavior\ReadHtmlCacheBehavior [ RunTime:0.000000s ]
INFO: Run Behavior\CheckLangBehavior [ RunTime:0.003000s ]
INFO: [ app_begin ] --END-- [ RunTime:0.004000s ]
NOTIC: [8] Undefined index: anwser D:\WWW\ctf\application\Game\Action\ArticleAction.class.php 第 93 行.
SQL: SHOW COLUMNS FROM `w_gterm_relationships` [ RunTime:0.003001s ]
SQL: SELECT * FROM w_gterm_relationships a INNER JOIN w_games as b on a.object_id =b.id INNER JOIN w_users as c on b.game_author = c.id  WHERE ( `status` = 1 ) AND ( `tid` = 27 ) LIMIT 1   [ RunTime:0.002000s ]
INFO: [ app_end ] --START--
INFO: Run Behavior\ShowPageTraceBehavior [ RunTime:0.000000s ]
INFO: [ app_end ] --END-- [ RunTime:0.000000s ]

[ 2014-12-02T01:57:27+08:00 ] 127.0.0.1 /index.php?g=Game&m=article&a=tip&id=27&_=1417456639900
INFO: [ app_begin ] --START--
INFO: Run Behavior\ReadHtmlCacheBehavior [ RunTime:0.001000s ]
INFO: Run Behavior\CheckLangBehavior [ RunTime:0.000000s ]
INFO: [ app_begin ] --END-- [ RunTime:0.001000s ]
NOTIC: [8] Undefined index: anwser D:\WWW\ctf\application\Game\Action\ArticleAction.class.php 第 93 行.
SQL: SHOW COLUMNS FROM `w_gterm_relationships` [ RunTime:0.008000s ]
SQL: SELECT * FROM w_gterm_relationships a INNER JOIN w_games as b on a.object_id =b.id INNER JOIN w_users as c on b.game_author = c.id  WHERE ( `status` = 1 ) AND ( `tid` = 27 ) LIMIT 1   [ RunTime:0.003000s ]
INFO: [ app_end ] --START--
INFO: Run Behavior\ShowPageTraceBehavior [ RunTime:0.002001s ]
INFO: [ app_end ] --END-- [ RunTime:0.002001s ]

[ 2014-12-02T02:01:52+08:00 ] 127.0.0.1 /index.php?g=Game&m=article&a=tip&id=27&_=1417456906221
INFO: [ app_begin ] --START--
INFO: Run Behavior\ReadHtmlCacheBehavior [ RunTime:0.001000s ]
INFO: Run Behavior\CheckLangBehavior [ RunTime:0.000000s ]
INFO: [ app_begin ] --END-- [ RunTime:0.001000s ]
NOTIC: [8] Undefined variable: id D:\WWW\ctf\application\Game\Action\ArticleAction.class.php 第 94 行.
SQL: SHOW COLUMNS FROM `w_gterm_relationships` [ RunTime:0.005001s ]
SQL: SELECT * FROM w_gterm_relationships a INNER JOIN w_games as b on a.object_id =b.id INNER JOIN w_users as c on b.game_author = c.id  WHERE ( `status` = 1 ) AND ( `tid` = null ) LIMIT 1   [ RunTime:0.041002s ]
SQL: SHOW COLUMNS FROM `w_games_log` [ RunTime:0.005000s ]
SQL: UPDATE `w_games_log` SET `tiped`=1 WHERE ( uid=0 and gid=27 ) [ RunTime:0.000000s ]
INFO: [ app_end ] --START--
INFO: Run Behavior\ShowPageTraceBehavior [ RunTime:0.001000s ]
INFO: [ app_end ] --END-- [ RunTime:0.001000s ]

[ 2014-12-02T02:10:39+08:00 ] 127.0.0.1 /index.php?g=Game&m=article&a=tip&id=27&_=1417457433290
INFO: [ app_begin ] --START--
INFO: Run Behavior\ReadHtmlCacheBehavior [ RunTime:0.000000s ]
INFO: Run Behavior\CheckLangBehavior [ RunTime:0.001000s ]
INFO: [ app_begin ] --END-- [ RunTime:0.001000s ]

[ 2014-12-02T02:10:57+08:00 ] 127.0.0.1 /index.php?g=Game&m=article&a=tip&id=27&_=1417457451812
INFO: [ app_begin ] --START--
INFO: Run Behavior\ReadHtmlCacheBehavior [ RunTime:0.001001s ]
INFO: Run Behavior\CheckLangBehavior [ RunTime:0.001000s ]
INFO: [ app_begin ] --END-- [ RunTime:0.002001s ]

[ 2014-12-02T02:11:02+08:00 ] 127.0.0.1 /index.php?g=Game&m=article&a=tip&id=27&_=1417457462447
INFO: [ app_begin ] --START--
INFO: Run Behavior\ReadHtmlCacheBehavior [ RunTime:0.001000s ]
INFO: Run Behavior\CheckLangBehavior [ RunTime:0.003000s ]
INFO: [ app_begin ] --END-- [ RunTime:0.005000s ]

[ 2014-12-02T02:13:35+08:00 ] 127.0.0.1 /index.php?g=Game&m=article&a=check&id=27&anwser=3&_=1417457611868
INFO: [ app_begin ] --START--
INFO: Run Behavior\ReadHtmlCacheBehavior [ RunTime:0.000000s ]
INFO: Run Behavior\CheckLangBehavior [ RunTime:0.001000s ]
INFO: [ app_begin ] --END-- [ RunTime:0.002000s ]
SQL: SHOW COLUMNS FROM `w_gterm_relationships` [ RunTime:0.005000s ]
SQL: SELECT * FROM w_gterm_relationships a INNER JOIN w_games as b on a.object_id =b.id INNER JOIN w_users as c on b.game_author = c.id  WHERE ( `status` = 1 ) AND ( `tid` = 27 ) LIMIT 1   [ RunTime:0.001000s ]
INFO: [ app_end ] --START--
INFO: Run Behavior\ShowPageTraceBehavior [ RunTime:0.001000s ]
INFO: [ app_end ] --END-- [ RunTime:0.001000s ]

[ 2014-12-02T02:13:39+08:00 ] 127.0.0.1 /index.php?g=Game&m=article&a=check&id=27&anwser=31&_=1417457618885
INFO: [ app_begin ] --START--
INFO: Run Behavior\ReadHtmlCacheBehavior [ RunTime:0.001001s ]
INFO: Run Behavior\CheckLangBehavior [ RunTime:0.000000s ]
INFO: [ app_begin ] --END-- [ RunTime:0.001001s ]
SQL: SHOW COLUMNS FROM `w_gterm_relationships` [ RunTime:0.005001s ]
SQL: SELECT * FROM w_gterm_relationships a INNER JOIN w_games as b on a.object_id =b.id INNER JOIN w_users as c on b.game_author = c.id  WHERE ( `status` = 1 ) AND ( `tid` = 27 ) LIMIT 1   [ RunTime:0.002000s ]
INFO: [ app_end ] --START--
INFO: Run Behavior\ShowPageTraceBehavior [ RunTime:0.001000s ]
INFO: [ app_end ] --END-- [ RunTime:0.001000s ]

[ 2014-12-02T02:20:20+08:00 ] 127.0.0.1 /index.php?g=Game&m=article&a=check&id=25&anwser=%40%E6%97%A0%E6%89%80%E4%B8%8D%E8%83%BD%E7%9A%84%E9%AD%82%E5%A4%A7%E4%BA%BA&_=1417458019393
INFO: [ app_begin ] --START--
INFO: Run Behavior\ReadHtmlCacheBehavior [ RunTime:0.000000s ]
INFO: Run Behavior\CheckLangBehavior [ RunTime:0.001000s ]
INFO: [ app_begin ] --END-- [ RunTime:0.001000s ]
SQL: SHOW COLUMNS FROM `w_gterm_relationships` [ RunTime:0.005000s ]
SQL: SELECT * FROM w_gterm_relationships a INNER JOIN w_games as b on a.object_id =b.id INNER JOIN w_users as c on b.game_author = c.id  WHERE ( `status` = 1 ) AND ( `tid` = 25 ) LIMIT 1   [ RunTime:0.001000s ]
INFO: [ app_end ] --START--
INFO: Run Behavior\ShowPageTraceBehavior [ RunTime:0.001000s ]
INFO: [ app_end ] --END-- [ RunTime:0.001000s ]

[ 2014-12-02T02:20:30+08:00 ] 127.0.0.1 /index.php?g=Game&m=article&a=check&id=25&anwser=wctf%7B%40%E6%97%A0%E6%89%80%E4%B8%8D%E8%83%BD%E7%9A%84%E9%AD%82%E5%A4%A7%E4%BA%BA%7D&_=1417458029643
INFO: [ app_begin ] --START--
INFO: Run Behavior\ReadHtmlCacheBehavior [ RunTime:0.001000s ]
INFO: Run Behavior\CheckLangBehavior [ RunTime:0.001000s ]
INFO: [ app_begin ] --END-- [ RunTime:0.002000s ]
SQL: SHOW COLUMNS FROM `w_gterm_relationships` [ RunTime:0.005000s ]
SQL: SELECT * FROM w_gterm_relationships a INNER JOIN w_games as b on a.object_id =b.id INNER JOIN w_users as c on b.game_author = c.id  WHERE ( `status` = 1 ) AND ( `tid` = 25 ) LIMIT 1   [ RunTime:0.001000s ]
SQL: SHOW COLUMNS FROM `w_games_log` [ RunTime:0.005001s ]
ERR: 非法数据对象！:[right_time=>1417458030]

[ 2014-12-02T02:20:54+08:00 ] 127.0.0.1 /index.php?g=Game&m=article&a=check&id=25&anwser=wctf%7B%40%E6%97%A0%E6%89%80%E4%B8%8D%E8%83%BD%E7%9A%84%E9%AD%82%E5%A4%A7%E4%BA%BA%7D&_=1417458053774
INFO: [ app_begin ] --START--
INFO: Run Behavior\ReadHtmlCacheBehavior [ RunTime:0.000000s ]
INFO: Run Behavior\CheckLangBehavior [ RunTime:0.001000s ]
INFO: [ app_begin ] --END-- [ RunTime:0.002000s ]
SQL: SHOW COLUMNS FROM `w_gterm_relationships` [ RunTime:0.003001s ]
SQL: SELECT * FROM w_gterm_relationships a INNER JOIN w_games as b on a.object_id =b.id INNER JOIN w_users as c on b.game_author = c.id  WHERE ( `status` = 1 ) AND ( `tid` = 25 ) LIMIT 1   [ RunTime:0.001000s ]
SQL: SHOW COLUMNS FROM `w_games_log` [ RunTime:0.004000s ]
ERR: 非法数据对象！:[right_time=>1417458054]

[ 2014-12-02T02:21:10+08:00 ] 127.0.0.1 /index.php?g=Game&m=article&a=check&id=25&anwser=wctf%7B%40%E6%97%A0%E6%89%80%E4%B8%8D%E8%83%BD%E7%9A%84%E9%AD%82%E5%A4%A7%E4%BA%BA%7D&_=1417458053774
ERR: 非法数据对象！:[right_time=>1417458070]

[ 2014-12-02T19:35:25+08:00 ] 127.0.0.1 /index.php?g=api&m=idf&a=member&id=0&_=1417520125037
INFO: [ app_begin ] --START--
INFO: Run Behavior\ReadHtmlCacheBehavior [ RunTime:0.001000s ]
INFO: Run Behavior\CheckLangBehavior [ RunTime:0.000000s ]
INFO: [ app_begin ] --END-- [ RunTime:0.001000s ]
INFO: [ app_end ] --START--
INFO: Run Behavior\ShowPageTraceBehavior [ RunTime:0.001000s ]
INFO: [ app_end ] --END-- [ RunTime:0.001000s ]

[ 2014-12-02T19:35:25+08:00 ] 127.0.0.1 /index.php?g=api&m=idf&a=member&id=5&_=1417520125000
INFO: [ app_begin ] --START--
INFO: Run Behavior\ReadHtmlCacheBehavior [ RunTime:0.001000s ]
INFO: Run Behavior\CheckLangBehavior [ RunTime:0.000000s ]
INFO: [ app_begin ] --END-- [ RunTime:0.001000s ]
INFO: [ app_end ] --START--
INFO: Run Behavior\ShowPageTraceBehavior [ RunTime:0.001000s ]
INFO: [ app_end ] --END-- [ RunTime:0.001000s ]

[ 2014-12-02T19:35:37+08:00 ] 127.0.0.1 /index.php?g=api&m=idf&a=member&id=0&_=1417520137638
INFO: [ app_begin ] --START--
INFO: Run Behavior\ReadHtmlCacheBehavior [ RunTime:0.001000s ]
INFO: Run Behavior\CheckLangBehavior [ RunTime:0.001000s ]
INFO: [ app_begin ] --END-- [ RunTime:0.002000s ]
INFO: [ app_end ] --START--
INFO: Run Behavior\ShowPageTraceBehavior [ RunTime:0.001000s ]
INFO: [ app_end ] --END-- [ RunTime:0.001000s ]

[ 2014-12-02T19:35:38+08:00 ] 127.0.0.1 /index.php?g=api&m=idf&a=member&id=4&_=1417520138245
INFO: [ app_begin ] --START--
INFO: Run Behavior\ReadHtmlCacheBehavior [ RunTime:0.001000s ]
INFO: Run Behavior\CheckLangBehavior [ RunTime:0.001000s ]
INFO: [ app_begin ] --END-- [ RunTime:0.002000s ]
INFO: [ app_end ] --START--
INFO: Run Behavior\ShowPageTraceBehavior [ RunTime:0.001000s ]
INFO: [ app_end ] --END-- [ RunTime:0.001000s ]

[ 2014-12-02T19:35:38+08:00 ] 127.0.0.1 /index.php?g=api&m=idf&a=member&id=3&_=1417520138355
INFO: [ app_begin ] --START--
INFO: Run Behavior\ReadHtmlCacheBehavior [ RunTime:0.000000s ]
INFO: Run Behavior\CheckLangBehavior [ RunTime:0.001001s ]
INFO: [ app_begin ] --END-- [ RunTime:0.001001s ]
INFO: [ app_end ] --START--
INFO: Run Behavior\ShowPageTraceBehavior [ RunTime:0.001000s ]
INFO: [ app_end ] --END-- [ RunTime:0.001000s ]

[ 2014-12-02T19:35:38+08:00 ] 127.0.0.1 /index.php?g=api&m=idf&a=member&id=2&_=1417520138381
INFO: [ app_begin ] --START--
INFO: Run Behavior\ReadHtmlCacheBehavior [ RunTime:0.001000s ]
INFO: Run Behavior\CheckLangBehavior [ RunTime:0.001000s ]
INFO: [ app_begin ] --END-- [ RunTime:0.002000s ]
INFO: [ app_end ] --START--
INFO: Run Behavior\ShowPageTraceBehavior [ RunTime:0.001000s ]
INFO: [ app_end ] --END-- [ RunTime:0.001000s ]

[ 2014-12-02T19:35:38+08:00 ] 127.0.0.1 /index.php?g=api&m=idf&a=member&id=1&_=1417520138406
INFO: [ app_begin ] --START--
INFO: Run Behavior\ReadHtmlCacheBehavior [ RunTime:0.000000s ]
INFO: Run Behavior\CheckLangBehavior [ RunTime:0.001000s ]
INFO: [ app_begin ] --END-- [ RunTime:0.001000s ]
INFO: [ app_end ] --START--
INFO: Run Behavior\ShowPageTraceBehavior [ RunTime:0.001000s ]
INFO: [ app_end ] --END-- [ RunTime:0.001000s ]

[ 2014-12-02T19:35:38+08:00 ] 127.0.0.1 /index.php?g=api&m=idf&a=member&id=1&_=1417520138676
INFO: [ app_begin ] --START--
INFO: Run Behavior\ReadHtmlCacheBehavior [ RunTime:0.002000s ]
INFO: Run Behavior\CheckLangBehavior [ RunTime:0.001000s ]
INFO: [ app_begin ] --END-- [ RunTime:0.003000s ]
INFO: [ app_end ] --START--
INFO: Run Behavior\ShowPageTraceBehavior [ RunTime:0.001000s ]
INFO: [ app_end ] --END-- [ RunTime:0.001000s ]

[ 2014-12-02T19:35:38+08:00 ] 127.0.0.1 /index.php?g=api&m=idf&a=member&id=0&_=1417520138924
INFO: [ app_begin ] --START--
INFO: Run Behavior\ReadHtmlCacheBehavior [ RunTime:0.001000s ]
INFO: Run Behavior\CheckLangBehavior [ RunTime:0.000000s ]
INFO: [ app_begin ] --END-- [ RunTime:0.001000s ]
INFO: [ app_end ] --START--
INFO: Run Behavior\ShowPageTraceBehavior [ RunTime:0.001000s ]
INFO: [ app_end ] --END-- [ RunTime:0.001000s ]

[ 2014-12-02T19:35:41+08:00 ] 127.0.0.1 /index.php?g=api&m=idf&a=member&id=7&_=1417520141940
INFO: [ app_begin ] --START--
INFO: Run Behavior\ReadHtmlCacheBehavior [ RunTime:0.001000s ]
INFO: Run Behavior\CheckLangBehavior [ RunTime:0.000000s ]
INFO: [ app_begin ] --END-- [ RunTime:0.002000s ]
INFO: [ app_end ] --START--
INFO: Run Behavior\ShowPageTraceBehavior [ RunTime:0.001000s ]
INFO: [ app_end ] --END-- [ RunTime:0.002000s ]

[ 2014-12-02T19:35:41+08:00 ] 127.0.0.1 /index.php?g=api&m=idf&a=member&id=8&_=1417520141957
INFO: [ app_begin ] --START--
INFO: Run Behavior\ReadHtmlCacheBehavior [ RunTime:0.000000s ]
INFO: Run Behavior\CheckLangBehavior [ RunTime:0.000000s ]
INFO: [ app_begin ] --END-- [ RunTime:0.001000s ]
INFO: [ app_end ] --START--
INFO: Run Behavior\ShowPageTraceBehavior [ RunTime:0.001000s ]
INFO: [ app_end ] --END-- [ RunTime:0.001000s ]

[ 2014-12-02T19:35:46+08:00 ] 127.0.0.1 /index.php?g=api&m=idf&a=member&id=0&_=1417520146931
INFO: [ app_begin ] --START--
INFO: Run Behavior\ReadHtmlCacheBehavior [ RunTime:0.001000s ]
INFO: Run Behavior\CheckLangBehavior [ RunTime:0.001000s ]
INFO: [ app_begin ] --END-- [ RunTime:0.002000s ]
INFO: [ app_end ] --START--
INFO: Run Behavior\ShowPageTraceBehavior [ RunTime:0.001000s ]
INFO: [ app_end ] --END-- [ RunTime:0.001000s ]

[ 2014-12-02T19:35:46+08:00 ] 127.0.0.1 /index.php?g=api&m=idf&a=member&id=3&_=1417520146949
INFO: [ app_begin ] --START--
INFO: Run Behavior\ReadHtmlCacheBehavior [ RunTime:0.001000s ]
INFO: Run Behavior\CheckLangBehavior [ RunTime:0.001000s ]
INFO: [ app_begin ] --END-- [ RunTime:0.002000s ]
INFO: [ app_end ] --START--
INFO: Run Behavior\ShowPageTraceBehavior [ RunTime:0.001000s ]
INFO: [ app_end ] --END-- [ RunTime:0.002000s ]

[ 2014-12-02T19:35:47+08:00 ] 127.0.0.1 /index.php?g=api&m=idf&a=member&id=4&_=1417520146957
INFO: [ app_begin ] --START--
INFO: Run Behavior\ReadHtmlCacheBehavior [ RunTime:0.001000s ]
INFO: Run Behavior\CheckLangBehavior [ RunTime:0.001000s ]
INFO: [ app_begin ] --END-- [ RunTime:0.002000s ]
INFO: [ app_end ] --START--
INFO: Run Behavior\ShowPageTraceBehavior [ RunTime:0.000000s ]
INFO: [ app_end ] --END-- [ RunTime:0.001000s ]

[ 2014-12-02T19:35:47+08:00 ] 127.0.0.1 /index.php?g=api&m=idf&a=member&id=3&_=1417520147269
INFO: [ app_begin ] --START--
INFO: Run Behavior\ReadHtmlCacheBehavior [ RunTime:0.000000s ]
INFO: Run Behavior\CheckLangBehavior [ RunTime:0.001000s ]
INFO: [ app_begin ] --END-- [ RunTime:0.002000s ]
INFO: [ app_end ] --START--
INFO: Run Behavior\ShowPageTraceBehavior [ RunTime:0.001000s ]
INFO: [ app_end ] --END-- [ RunTime:0.001000s ]

[ 2014-12-02T19:35:47+08:00 ] 127.0.0.1 /index.php?g=api&m=idf&a=member&id=2&_=1417520147327
INFO: [ app_begin ] --START--
INFO: Run Behavior\ReadHtmlCacheBehavior [ RunTime:0.001001s ]
INFO: Run Behavior\CheckLangBehavior [ RunTime:0.001000s ]
INFO: [ app_begin ] --END-- [ RunTime:0.002001s ]
INFO: [ app_end ] --START--
INFO: Run Behavior\ShowPageTraceBehavior [ RunTime:0.001000s ]
INFO: [ app_end ] --END-- [ RunTime:0.001000s ]

[ 2014-12-02T19:35:47+08:00 ] 127.0.0.1 /index.php?g=api&m=idf&a=member&id=0&_=1417520147627
INFO: [ app_begin ] --START--
INFO: Run Behavior\ReadHtmlCacheBehavior [ RunTime:0.001001s ]
INFO: Run Behavior\CheckLangBehavior [ RunTime:0.002000s ]
INFO: [ app_begin ] --END-- [ RunTime:0.003001s ]
INFO: [ app_end ] --START--
INFO: Run Behavior\ShowPageTraceBehavior [ RunTime:0.001000s ]
INFO: [ app_end ] --END-- [ RunTime:0.001000s ]

[ 2014-12-02T19:35:48+08:00 ] 127.0.0.1 /index.php?g=api&m=idf&a=member&id=2&_=1417520148019
INFO: [ app_begin ] --START--
INFO: Run Behavior\ReadHtmlCacheBehavior [ RunTime:0.001000s ]
INFO: Run Behavior\CheckLangBehavior [ RunTime:0.001000s ]
INFO: [ app_begin ] --END-- [ RunTime:0.002000s ]
INFO: [ app_end ] --START--
INFO: Run Behavior\ShowPageTraceBehavior [ RunTime:0.001000s ]
INFO: [ app_end ] --END-- [ RunTime:0.001000s ]

[ 2014-12-02T19:35:48+08:00 ] 127.0.0.1 /index.php?g=api&m=idf&a=member&id=1&_=1417520148068
INFO: [ app_begin ] --START--
INFO: Run Behavior\ReadHtmlCacheBehavior [ RunTime:0.000000s ]
INFO: Run Behavior\CheckLangBehavior [ RunTime:0.001000s ]
INFO: [ app_begin ] --END-- [ RunTime:0.002000s ]
INFO: [ app_end ] --START--
INFO: Run Behavior\ShowPageTraceBehavior [ RunTime:0.000000s ]
INFO: [ app_end ] --END-- [ RunTime:0.000000s ]

[ 2014-12-02T19:35:48+08:00 ] 127.0.0.1 /index.php?g=api&m=idf&a=member&id=1&_=1417520148419
INFO: [ app_begin ] --START--
INFO: Run Behavior\ReadHtmlCacheBehavior [ RunTime:0.001000s ]
INFO: Run Behavior\CheckLangBehavior [ RunTime:0.001000s ]
INFO: [ app_begin ] --END-- [ RunTime:0.002000s ]
INFO: [ app_end ] --START--
INFO: Run Behavior\ShowPageTraceBehavior [ RunTime:0.000000s ]
INFO: [ app_end ] --END-- [ RunTime:0.000000s ]

[ 2014-12-02T19:35:48+08:00 ] 127.0.0.1 /index.php?g=api&m=idf&a=member&id=0&_=1417520148467
INFO: [ app_begin ] --START--
INFO: Run Behavior\ReadHtmlCacheBehavior [ RunTime:0.001000s ]
INFO: Run Behavior\CheckLangBehavior [ RunTime:0.000000s ]
INFO: [ app_begin ] --END-- [ RunTime:0.001000s ]
INFO: [ app_end ] --START--
INFO: Run Behavior\ShowPageTraceBehavior [ RunTime:0.001000s ]
INFO: [ app_end ] --END-- [ RunTime:0.001000s ]

[ 2014-12-02T19:35:48+08:00 ] 127.0.0.1 /index.php?g=api&m=idf&a=member&id=4&_=1417520148900
INFO: [ app_begin ] --START--
INFO: Run Behavior\ReadHtmlCacheBehavior [ RunTime:0.001000s ]
INFO: Run Behavior\CheckLangBehavior [ RunTime:0.001000s ]
INFO: [ app_begin ] --END-- [ RunTime:0.002000s ]
INFO: [ app_end ] --START--
INFO: Run Behavior\ShowPageTraceBehavior [ RunTime:0.001000s ]
INFO: [ app_end ] --END-- [ RunTime:0.001000s ]

[ 2014-12-02T19:35:49+08:00 ] 127.0.0.1 /index.php?g=api&m=idf&a=member&id=0&_=1417520149485
INFO: [ app_begin ] --START--
INFO: Run Behavior\ReadHtmlCacheBehavior [ RunTime:0.001000s ]
INFO: Run Behavior\CheckLangBehavior [ RunTime:0.000000s ]
INFO: [ app_begin ] --END-- [ RunTime:0.001000s ]
INFO: [ app_end ] --START--
INFO: Run Behavior\ShowPageTraceBehavior [ RunTime:0.000000s ]
INFO: [ app_end ] --END-- [ RunTime:0.000000s ]

[ 2014-12-02T20:21:35+08:00 ] 127.0.0.1 /
ERR: _STORAGE_WRITE_ERROR_:D:\WWW\ctf/data/runtime/Cache/Portal/ba7de1d431037b1bce6f7fc8c79f759f.php

